Using pre-set license
Built from '2021.1/staging' branch; Version is '2021.1.23f1 (b50729e604a9) revision 11863849'; Using compiler version '192528614'; Build Type 'Release'
OS: 'Windows 10 Pro; OS build 22000.556; Version 2009; 64bit' Language: 'es' Physical Memory: 22476 MB
BatchMode: 1, IsHumanControllingUs: 0, StartBugReporterOnCrash: 0, Is64bit: 1, IsPro: 0

COMMAND LINE ARGUMENTS:
C:\Program Files\Unity\Hub\Editor\2021.1.23f1\Editor\Unity.exe
-adb2
-batchMode
-noUpm
-name
AssetImportWorker0
-projectPath
D:/GithubRepos/Project Backtracked
-logFile
Logs/AssetImportWorker0.log
-srvPort
56018
Successfully changed project path to: D:/GithubRepos/Project Backtracked
D:/GithubRepos/Project Backtracked
Using Asset Import Pipeline V2.
Assets/Models/FNaF4/Fetch/Fetch.c4d: Unity no longer supports importing Cinema 4D files directly, but we're working with Maxon to make the experience better. To import Cinema 4D files, install Maxon's external importer. You can find more information on the Unity Forum: https://on.unity.com/c4d.

Please note that FBX files exported from Cinema4D are still supported.
Assets/Models/FNaF4/TwistedBonnie/TwistedBonnie.c4d: Unity no longer supports importing Cinema 4D files directly, but we're working with Maxon to make the experience better. To import Cinema 4D files, install Maxon's external importer. You can find more information on the Unity Forum: https://on.unity.com/c4d.

Please note that FBX files exported from Cinema4D are still supported.
Assets/Models/FNaF4/TwistedFreddy/TwistedFreddy.c4d: Unity no longer supports importing Cinema 4D files directly, but we're working with Maxon to make the experience better. To import Cinema 4D files, install Maxon's external importer. You can find more information on the Unity Forum: https://on.unity.com/c4d.

Please note that FBX files exported from Cinema4D are still supported.
Assets/Models/FNaF4/TwistedChica/TwistedChica.c4d: Unity no longer supports importing Cinema 4D files directly, but we're working with Maxon to make the experience better. To import Cinema 4D files, install Maxon's external importer. You can find more information on the Unity Forum: https://on.unity.com/c4d.

Please note that FBX files exported from Cinema4D are still supported.
Refreshing native plugins compatible for Editor in 237.03 ms, found 3 plugins.
Preloading 0 native plugins for Editor in 0.00 ms.
Initialize engine version: 2021.1.23f1 (b50729e604a9)
[Subsystems] Discovering subsystems at path C:/Program Files/Unity/Hub/Editor/2021.1.23f1/Editor/Data/Resources/UnitySubsystems
[Subsystems] Discovering subsystems at path D:/GithubRepos/Project Backtracked/Assets
GfxDevice: creating device client; threaded=0; jobified=0
Direct3D:
    Version:  Direct3D 11.0 [level 11.1]
    Renderer: AMD Radeon(TM) RX Vega 11 Graphics (ID=0x15d8)
    Vendor:   ATI
    VRAM:     11238 MB
    Driver:   30.0.14029.5006
Initialize mono
Mono path[0] = 'C:/Program Files/Unity/Hub/Editor/2021.1.23f1/Editor/Data/Managed'
Mono path[1] = 'C:/Program Files/Unity/Hub/Editor/2021.1.23f1/Editor/Data/MonoBleedingEdge/lib/mono/unityjit'
Mono config path = 'C:/Program Files/Unity/Hub/Editor/2021.1.23f1/Editor/Data/MonoBleedingEdge/etc'
Using monoOptions --debugger-agent=transport=dt_socket,embedding=1,server=y,suspend=n,address=127.0.0.1:56308
Begin MonoManager ReloadAssembly
Registering precompiled unity dll's ...
Register platform support module: C:/Program Files/Unity/Hub/Editor/2021.1.23f1/Editor/Data/PlaybackEngines/MacStandaloneSupport/UnityEditor.OSXStandalone.Extensions.dll
Register platform support module: C:/Program Files/Unity/Hub/Editor/2021.1.23f1/Editor/Data/PlaybackEngines/WindowsStandaloneSupport/UnityEditor.WindowsStandalone.Extensions.dll
Register platform support module: C:/Program Files/Unity/Hub/Editor/2021.1.23f1/Editor/Data/PlaybackEngines/LinuxStandaloneSupport/UnityEditor.LinuxStandalone.Extensions.dll
Registered in 0.003992 seconds.
Native extension for LinuxStandalone target not found
Native extension for WindowsStandalone target not found
Native extension for OSXStandalone target not found
Assets/Models/FNaF4/Fetch/Fetch.c4d: Unity no longer supports importing Cinema 4D files directly, but we're working with Maxon to make the experience better. To import Cinema 4D files, install Maxon's external importer. You can find more information on the Unity Forum: https://on.unity.com/c4d.

Please note that FBX files exported from Cinema4D are still supported.
Assets/Models/FNaF4/TwistedBonnie/TwistedBonnie.c4d: Unity no longer supports importing Cinema 4D files directly, but we're working with Maxon to make the experience better. To import Cinema 4D files, install Maxon's external importer. You can find more information on the Unity Forum: https://on.unity.com/c4d.

Please note that FBX files exported from Cinema4D are still supported.
Assets/Models/FNaF4/TwistedFreddy/TwistedFreddy.c4d: Unity no longer supports importing Cinema 4D files directly, but we're working with Maxon to make the experience better. To import Cinema 4D files, install Maxon's external importer. You can find more information on the Unity Forum: https://on.unity.com/c4d.

Please note that FBX files exported from Cinema4D are still supported.
Assets/Models/FNaF4/TwistedChica/TwistedChica.c4d: Unity no longer supports importing Cinema 4D files directly, but we're working with Maxon to make the experience better. To import Cinema 4D files, install Maxon's external importer. You can find more information on the Unity Forum: https://on.unity.com/c4d.

Please note that FBX files exported from Cinema4D are still supported.
Refreshing native plugins compatible for Editor in 213.21 ms, found 3 plugins.
Preloading 0 native plugins for Editor in 0.00 ms.
Mono: successfully reloaded assembly
- Completed reload, in  1.799 seconds
Domain Reload Profiling:
	ReloadAssembly (1799ms)
		BeginReloadAssembly (73ms)
			ExecutionOrderSort (0ms)
			DisableScriptedObjects (0ms)
			BackupInstance (0ms)
			ReleaseScriptingObjects (0ms)
			CreateAndSetChildDomain (1ms)
		EndReloadAssembly (702ms)
			LoadAssemblies (71ms)
			RebuildTransferFunctionScriptingTraits (0ms)
			SetupTypeCache (206ms)
			ReleaseScriptCaches (0ms)
			RebuildScriptCaches (41ms)
			SetupLoadedEditorAssemblies (400ms)
				LogAssemblyErrors (0ms)
				InitializePlatformSupportModulesInManaged (14ms)
				SetLoadedEditorAssemblies (0ms)
				RefreshPlugins (213ms)
				BeforeProcessingInitializeOnLoad (2ms)
				ProcessInitializeOnLoadAttributes (131ms)
				ProcessInitializeOnLoadMethodAttributes (39ms)
				AfterProcessingInitializeOnLoad (0ms)
				EditorAssembliesLoaded (0ms)
			ExecutionOrderSort2 (0ms)
			AwakeInstancesAfterBackupRestoration (0ms)
Platform modules already initialized, skipping
Registering precompiled user dll's ...
Registered in 0.007928 seconds.
Begin MonoManager ReloadAssembly
Symbol file LoadedFromMemory doesn't match image D:\GithubRepos\Project Backtracked\Library\PackageCache\com.unity.visualscripting@1.7.2\Editor\VisualScripting.Core\Dependencies\YamlDotNet\Unity.VisualScripting.YamlDotNet.dll
Symbol file LoadedFromMemory doesn't match image D:\GithubRepos\Project Backtracked\Library\PackageCache\com.unity.visualscripting@1.7.2\Editor\VisualScripting.Core\Dependencies\DotNetZip\Unity.VisualScripting.IonicZip.dll
Native extension for LinuxStandalone target not found
Native extension for WindowsStandalone target not found
Native extension for OSXStandalone target not found
Assets/Models/FNaF4/Fetch/Fetch.c4d: Unity no longer supports importing Cinema 4D files directly, but we're working with Maxon to make the experience better. To import Cinema 4D files, install Maxon's external importer. You can find more information on the Unity Forum: https://on.unity.com/c4d.

Please note that FBX files exported from Cinema4D are still supported.
Assets/Models/FNaF4/TwistedBonnie/TwistedBonnie.c4d: Unity no longer supports importing Cinema 4D files directly, but we're working with Maxon to make the experience better. To import Cinema 4D files, install Maxon's external importer. You can find more information on the Unity Forum: https://on.unity.com/c4d.

Please note that FBX files exported from Cinema4D are still supported.
Assets/Models/FNaF4/TwistedFreddy/TwistedFreddy.c4d: Unity no longer supports importing Cinema 4D files directly, but we're working with Maxon to make the experience better. To import Cinema 4D files, install Maxon's external importer. You can find more information on the Unity Forum: https://on.unity.com/c4d.

Please note that FBX files exported from Cinema4D are still supported.
Assets/Models/FNaF4/TwistedChica/TwistedChica.c4d: Unity no longer supports importing Cinema 4D files directly, but we're working with Maxon to make the experience better. To import Cinema 4D files, install Maxon's external importer. You can find more information on the Unity Forum: https://on.unity.com/c4d.

Please note that FBX files exported from Cinema4D are still supported.
Refreshing native plugins compatible for Editor in 468.31 ms, found 3 plugins.
Preloading 0 native plugins for Editor in 0.00 ms.
Mono: successfully reloaded assembly
- Completed reload, in  2.071 seconds
Domain Reload Profiling:
	ReloadAssembly (2075ms)
		BeginReloadAssembly (201ms)
			ExecutionOrderSort (0ms)
			DisableScriptedObjects (8ms)
			BackupInstance (0ms)
			ReleaseScriptingObjects (0ms)
			CreateAndSetChildDomain (26ms)
		EndReloadAssembly (1781ms)
			LoadAssemblies (154ms)
			RebuildTransferFunctionScriptingTraits (0ms)
			SetupTypeCache (503ms)
			ReleaseScriptCaches (1ms)
			RebuildScriptCaches (81ms)
			SetupLoadedEditorAssemblies (924ms)
				LogAssemblyErrors (0ms)
				InitializePlatformSupportModulesInManaged (10ms)
				SetLoadedEditorAssemblies (0ms)
				RefreshPlugins (468ms)
				BeforeProcessingInitializeOnLoad (109ms)
				ProcessInitializeOnLoadAttributes (304ms)
				ProcessInitializeOnLoadMethodAttributes (24ms)
				AfterProcessingInitializeOnLoad (7ms)
				EditorAssembliesLoaded (0ms)
			ExecutionOrderSort2 (0ms)
			AwakeInstancesAfterBackupRestoration (9ms)
Platform modules already initialized, skipping
Assets/Models/FNaF4/Fetch/Fetch.c4d: Unity no longer supports importing Cinema 4D files directly, but we're working with Maxon to make the experience better. To import Cinema 4D files, install Maxon's external importer. You can find more information on the Unity Forum: https://on.unity.com/c4d.

Please note that FBX files exported from Cinema4D are still supported.
Assets/Models/FNaF4/TwistedBonnie/TwistedBonnie.c4d: Unity no longer supports importing Cinema 4D files directly, but we're working with Maxon to make the experience better. To import Cinema 4D files, install Maxon's external importer. You can find more information on the Unity Forum: https://on.unity.com/c4d.

Please note that FBX files exported from Cinema4D are still supported.
Assets/Models/FNaF4/TwistedFreddy/TwistedFreddy.c4d: Unity no longer supports importing Cinema 4D files directly, but we're working with Maxon to make the experience better. To import Cinema 4D files, install Maxon's external importer. You can find more information on the Unity Forum: https://on.unity.com/c4d.

Please note that FBX files exported from Cinema4D are still supported.
Assets/Models/FNaF4/TwistedChica/TwistedChica.c4d: Unity no longer supports importing Cinema 4D files directly, but we're working with Maxon to make the experience better. To import Cinema 4D files, install Maxon's external importer. You can find more information on the Unity Forum: https://on.unity.com/c4d.

Please note that FBX files exported from Cinema4D are still supported.
========================================================================
Worker process is ready to serve import requests
Assets/Models/FNaF4/Fetch/Fetch.c4d: Unity no longer supports importing Cinema 4D files directly, but we're working with Maxon to make the experience better. To import Cinema 4D files, install Maxon's external importer. You can find more information on the Unity Forum: https://on.unity.com/c4d.

Please note that FBX files exported from Cinema4D are still supported.
Assets/Models/FNaF4/TwistedBonnie/TwistedBonnie.c4d: Unity no longer supports importing Cinema 4D files directly, but we're working with Maxon to make the experience better. To import Cinema 4D files, install Maxon's external importer. You can find more information on the Unity Forum: https://on.unity.com/c4d.

Please note that FBX files exported from Cinema4D are still supported.
Assets/Models/FNaF4/TwistedFreddy/TwistedFreddy.c4d: Unity no longer supports importing Cinema 4D files directly, but we're working with Maxon to make the experience better. To import Cinema 4D files, install Maxon's external importer. You can find more information on the Unity Forum: https://on.unity.com/c4d.

Please note that FBX files exported from Cinema4D are still supported.
Assets/Models/FNaF4/TwistedChica/TwistedChica.c4d: Unity no longer supports importing Cinema 4D files directly, but we're working with Maxon to make the experience better. To import Cinema 4D files, install Maxon's external importer. You can find more information on the Unity Forum: https://on.unity.com/c4d.

Please note that FBX files exported from Cinema4D are still supported.
Launched and connected shader compiler UnityShaderCompiler.exe after 0.07 seconds
Refreshing native plugins compatible for Editor in 1.57 ms, found 3 plugins.
Preloading 0 native plugins for Editor in 0.00 ms.
Unloading 4666 Unused Serialized files (Serialized files now loaded: 0)
System memory in use before: 273.1 MB.
System memory in use after: 273.3 MB.

Unloading 27 unused Assets to reduce memory usage. Loaded Objects now: 5124.
Total: 4.799000 ms (FindLiveObjects: 0.428600 ms CreateObjectMapping: 0.125000 ms MarkObjects: 4.131600 ms  DeleteObjects: 0.112400 ms)

AssetImportParameters requested are different than current active one (requested -> active):
  custom:framework-win-MediaFoundation: 216162199b28c13a410421893ffa2e32 -> 
  custom:video-decoder-ogg-theora: a1e56fd34408186e4bbccfd4996cb3dc -> 
  custom:container-muxer-webm: aa71ff27fc2769a1b78a27578f13a17b -> 
  custom:container-demuxer-webm: 4f35f7cbe854078d1ac9338744f61a02 -> 
  custom:container-demuxer-ogg: 62fdf1f143b41e24485cea50d1cbac27 -> 
  custom:video-encoder-webm-vp8: eb34c28f22e8b96e1ab97ce403110664 -> 
  custom:video-decoder-webm-vp8: 9c59270c3fd7afecdb556c50c9e8de78 -> 
  custom:audio-decoder-ogg-vorbis: bf7c407c2cedff20999df2af8eb42d56 -> 
  custom:audio-encoder-webm-vorbis: bf7c407c2cedff20999df2af8eb42d56 -> 
========================================================================
Received Import Request.
  path: Assets/Sprites/AnimatronicPortraits/RoxanneWolf.png
  artifactKey: Guid(85d8bdc03990e894b8170facbb05b229) Importer(815301076,1909f56bfc062723c751e8b465ee728b)
Start importing Assets/Sprites/AnimatronicPortraits/RoxanneWolf.png using Guid(85d8bdc03990e894b8170facbb05b229) Importer(815301076,1909f56bfc062723c751e8b465ee728b)  -> (artifact id: '798f80c31f94f591bd13c0275cb24069') in 0.099724 seconds 
========================================================================
Received Import Request.
  Time since last request: 96.310821 seconds.
  path: Assets/Sprites/AnimatronicPortraits/RoxanneWolf.png
  artifactKey: Guid(85d8bdc03990e894b8170facbb05b229) Importer(815301076,1909f56bfc062723c751e8b465ee728b)
Start importing Assets/Sprites/AnimatronicPortraits/RoxanneWolf.png using Guid(85d8bdc03990e894b8170facbb05b229) Importer(815301076,1909f56bfc062723c751e8b465ee728b)  -> (artifact id: 'fde8f74aa16dc5fa0dfad42cceaf1e50') in 0.031424 seconds 
========================================================================
Received Import Request.
  Time since last request: 58.893718 seconds.
  path: Assets/Sprites/AnimatronicPortraits/RoxanneWolf.png
  artifactKey: Guid(85d8bdc03990e894b8170facbb05b229) Importer(815301076,1909f56bfc062723c751e8b465ee728b)
Start importing Assets/Sprites/AnimatronicPortraits/RoxanneWolf.png using Guid(85d8bdc03990e894b8170facbb05b229) Importer(815301076,1909f56bfc062723c751e8b465ee728b)  -> (artifact id: 'e139486df5d8d1b83e103750eecb0531') in 0.088816 seconds 
========================================================================
Received Import Request.
  Time since last request: 76.474112 seconds.
  path: Assets/Models/FNaFSB/RoxanneWolf/RoxanneWolf.fbx
  artifactKey: Guid(bc1d56c1a07db13458040901460db7a7) Importer(815301076,1909f56bfc062723c751e8b465ee728b)
Start importing Assets/Models/FNaFSB/RoxanneWolf/RoxanneWolf.fbx using Guid(bc1d56c1a07db13458040901460db7a7) Importer(815301076,1909f56bfc062723c751e8b465ee728b)  -> (artifact id: 'cad6511a70147fbf1830b1f96864ed50') in 0.539210 seconds 
========================================================================
Received Import Request.
  Time since last request: 59.741058 seconds.
  path: Assets/Models/FNaFSB/RoxanneWolf/tex
  artifactKey: Guid(38f5ae6535e0a454a9dafa5f1dde90e1) Importer(815301076,1909f56bfc062723c751e8b465ee728b)
Start importing Assets/Models/FNaFSB/RoxanneWolf/tex using Guid(38f5ae6535e0a454a9dafa5f1dde90e1) Importer(815301076,1909f56bfc062723c751e8b465ee728b)  -> (artifact id: '48c2bb3d74d1474dc1635ab809479196') in 0.006986 seconds 
========================================================================
Received Import Request.
  Time since last request: 0.045461 seconds.
  path: Assets/Models/FNaFSB/RoxanneWolf/tex/fnaf_world_fox_tail_by_matax33_ddzffxt-pre.png
  artifactKey: Guid(3982c7762fe4efc40ae3079ce565b249) Importer(815301076,1909f56bfc062723c751e8b465ee728b)
Start importing Assets/Models/FNaFSB/RoxanneWolf/tex/fnaf_world_fox_tail_by_matax33_ddzffxt-pre.png using Guid(3982c7762fe4efc40ae3079ce565b249) Importer(815301076,1909f56bfc062723c751e8b465ee728b)  -> (artifact id: '0d298ef629dee8604177217f1d2b9c1b') in 4.377089 seconds 
========================================================================
Received Import Request.
  Time since last request: 0.000302 seconds.
  path: Assets/Models/FNaFSB/RoxanneWolf/tex/RoxanneFace.png
  artifactKey: Guid(34502979f4fc4924b830d7682e5a08d2) Importer(815301076,1909f56bfc062723c751e8b465ee728b)
Start importing Assets/Models/FNaFSB/RoxanneWolf/tex/RoxanneFace.png using Guid(34502979f4fc4924b830d7682e5a08d2) Importer(815301076,1909f56bfc062723c751e8b465ee728b)  -> (artifact id: '7b3ede162a5922604b1a1ce71ab216ce') in 0.017390 seconds 
========================================================================
Received Import Request.
  Time since last request: 0.000304 seconds.
  path: Assets/Models/FNaFSB/RoxanneWolf/tex/fwe 2.png
  artifactKey: Guid(eaf97b66ba61ad842b8d8eab9c379c90) Importer(815301076,1909f56bfc062723c751e8b465ee728b)
Start importing Assets/Models/FNaFSB/RoxanneWolf/tex/fwe 2.png using Guid(eaf97b66ba61ad842b8d8eab9c379c90) Importer(815301076,1909f56bfc062723c751e8b465ee728b)  -> (artifact id: '851d9147cc7d825592e94beebd4faaa1') in 0.015180 seconds 
========================================================================
Received Import Request.
  Time since last request: 464.471986 seconds.
  path: Assets/Models/FNaFSB/RoxanneWolf/tex/bodya_mat.mat
  artifactKey: Guid(fd1994b46bbdb504fa184d88daedb853) Importer(815301076,1909f56bfc062723c751e8b465ee728b)
Start importing Assets/Models/FNaFSB/RoxanneWolf/tex/bodya_mat.mat using Guid(fd1994b46bbdb504fa184d88daedb853) Importer(815301076,1909f56bfc062723c751e8b465ee728b)  -> (artifact id: 'ab1b5a8674b42f01a5ab4c294874c4f9') in 0.023686 seconds 
========================================================================
Received Import Request.
  Time since last request: 127.088167 seconds.
  path: Assets/Models/FNaFSB/RoxanneWolf/tex/RoxanneFace.png
  artifactKey: Guid(34502979f4fc4924b830d7682e5a08d2) Importer(815301076,1909f56bfc062723c751e8b465ee728b)
Start importing Assets/Models/FNaFSB/RoxanneWolf/tex/RoxanneFace.png using Guid(34502979f4fc4924b830d7682e5a08d2) Importer(815301076,1909f56bfc062723c751e8b465ee728b)  -> (artifact id: 'fc342a30f5a73280def09b0de6633669') in 0.032380 seconds 
========================================================================
Received Import Request.
  Time since last request: 5.867861 seconds.
  path: Assets/Models/FNaFSB/RoxanneWolf/tex/RoxanneFace.png
  artifactKey: Guid(34502979f4fc4924b830d7682e5a08d2) Importer(815301076,1909f56bfc062723c751e8b465ee728b)
Start importing Assets/Models/FNaFSB/RoxanneWolf/tex/RoxanneFace.png using Guid(34502979f4fc4924b830d7682e5a08d2) Importer(815301076,1909f56bfc062723c751e8b465ee728b)  -> (artifact id: '986af315085b72ca4f5193c93b4d1971') in 0.022775 seconds 
========================================================================
Received Import Request.
  Time since last request: 826.253674 seconds.
  path: Assets/Models/FNaFSB/RoxanneWolf/tex/bodya_mat.mat
  artifactKey: Guid(fd1994b46bbdb504fa184d88daedb853) Importer(815301076,1909f56bfc062723c751e8b465ee728b)
Start importing Assets/Models/FNaFSB/RoxanneWolf/tex/bodya_mat.mat using Guid(fd1994b46bbdb504fa184d88daedb853) Importer(815301076,1909f56bfc062723c751e8b465ee728b)  -> (artifact id: '25e24abed0e85a2fb06069c03717f1dc') in 0.037682 seconds 
AssetImportWorkerClient::OnTransportError - code=2 error=End of file
